Tue 09/09/2025 
diff.astextplain.textconv=astextplain
filter.lfs.clean=git-lfs clean -- %f
filter.lfs.smudge=git-lfs smudge -- %f
filter.lfs.process=git-lfs filter-process
filter.lfs.required=true
http.sslbackend=openssl
http.sslcainfo=C:/Program Files/Git/mingw64/etc/ssl/certs/ca-bundle.crt
core.autocrlf=true
core.fscache=true
core.symlinks=false
pull.rebase=false
credential.helper=manager
credential.https://dev.azure.com.usehttppath=true
init.defaultbranch=master
user.name=your legal name
user.email=your_email@example.com
credential.helperselector.selected=<no helper>
difftool.sourcetree.cmd='' "$LOCAL" "$REMOTE"
mergetool.sourcetree.cmd='' 
mergetool.sourcetree.trustexitcode=true
filter.lfs.clean=git-lfs clean -- %f
filter.lfs.smudge=git-lfs smudge -- %f
filter.lfs.process=git-lfs filter-process
filter.lfs.required=true
init.defaultbranch='main'
github.user=your GitHub username
core.repositoryformatversion=0
core.filemode=false
core.bare=false
core.logallrefupdates=true
core.symlinks=false
core.ignorecase=true
remote.origin.url=https://github.com/miguelusername/cs465-lab0.git
remote.origin.fetch=+refs/heads/*:refs/remotes/origin/*
branch.main.remote=origin
branch.main.merge=refs/heads/main
"---" 
1.103.2
6f17636121051a53c88d3e605c491d22af2ba755
x64
"---" 
10.8.2
"---" 
"cs465-lab0-miguel.onrender.com" 
